c:\users\user\repos\magshimim_cpp1_chess_razerezandshaycohen\chess_shaycohenandrazerez\chess\debug\vc141.pdb
c:\users\user\repos\magshimim_cpp1_chess_razerezandshaycohen\chess_shaycohenandrazerez\chess\debug\vc141.idb
c:\users\user\repos\magshimim_cpp1_chess_razerezandshaycohen\chess_shaycohenandrazerez\chess\debug\bishop.obj
c:\users\user\repos\magshimim_cpp1_chess_razerezandshaycohen\chess_shaycohenandrazerez\chess\debug\chess.obj
c:\users\user\repos\magshimim_cpp1_chess_razerezandshaycohen\chess_shaycohenandrazerez\chess\debug\king.obj
c:\users\user\repos\magshimim_cpp1_chess_razerezandshaycohen\chess_shaycohenandrazerez\chess\debug\knight.obj
c:\users\user\repos\magshimim_cpp1_chess_razerezandshaycohen\chess_shaycohenandrazerez\chess\debug\piece.obj
c:\users\user\repos\magshimim_cpp1_chess_razerezandshaycohen\chess_shaycohenandrazerez\chess\debug\queen.obj
c:\users\user\repos\magshimim_cpp1_chess_razerezandshaycohen\chess_shaycohenandrazerez\chess\debug\rook.obj
c:\users\user\repos\magshimim_cpp1_chess_razerezandshaycohen\chess_shaycohenandrazerez\chess\debug\source.obj
c:\users\user\repos\magshimim_cpp1_chess_razerezandshaycohen\chess_shaycohenandrazerez\chess\debug\stdafx.obj
c:\users\user\repos\magshimim_cpp1_chess_razerezandshaycohen\chess_shaycohenandrazerez\chess\debug\pawn.obj
c:\users\user\repos\magshimim_cpp1_chess_razerezandshaycohen\chess_shaycohenandrazerez\debug\chess.exe
c:\users\user\repos\magshimim_cpp1_chess_razerezandshaycohen\chess_shaycohenandrazerez\debug\chess.ilk
c:\users\user\repos\magshimim_cpp1_chess_razerezandshaycohen\chess_shaycohenandrazerez\debug\chess.pdb
c:\users\user\repos\magshimim_cpp1_chess_razerezandshaycohen\chess_shaycohenandrazerez\chess\debug\chess.tlog\cl.command.1.tlog
c:\users\user\repos\magshimim_cpp1_chess_razerezandshaycohen\chess_shaycohenandrazerez\chess\debug\chess.tlog\cl.read.1.tlog
c:\users\user\repos\magshimim_cpp1_chess_razerezandshaycohen\chess_shaycohenandrazerez\chess\debug\chess.tlog\cl.write.1.tlog
c:\users\user\repos\magshimim_cpp1_chess_razerezandshaycohen\chess_shaycohenandrazerez\chess\debug\chess.tlog\link.command.1.tlog
c:\users\user\repos\magshimim_cpp1_chess_razerezandshaycohen\chess_shaycohenandrazerez\chess\debug\chess.tlog\link.read.1.tlog
c:\users\user\repos\magshimim_cpp1_chess_razerezandshaycohen\chess_shaycohenandrazerez\chess\debug\chess.tlog\link.write.1.tlog
